ERROR [2015-11-10 19:21:59,011] org.apache.spark.Logging$class:96 - Error initializing SparkContext. 
java.lang.SecurityException: class "javax.servlet.FilterRegistration"'s signer information does not match signer information of other classes in the same package
	at java.lang.ClassLoader.checkCerts(ClassLoader.java:952) ~[na:1.7.0_60-ea]
	at java.lang.ClassLoader.preDefineClass(ClassLoader.java:666) ~[na:1.7.0_60-ea]
	at java.lang.ClassLoader.defineClass(ClassLoader.java:794) ~[na:1.7.0_60-ea]
	at java.security.SecureClassLoader.defineClass(SecureClassLoader.java:142) ~[na:1.7.0_60-ea]
	at java.net.URLClassLoader.defineClass(URLClassLoader.java:449) ~[na:1.7.0_60-ea]
	at java.net.URLClassLoader.access$100(URLClassLoader.java:71) ~[na:1.7.0_60-ea]
	at java.net.URLClassLoader$1.run(URLClassLoader.java:361) ~[na:1.7.0_60-ea]
	at java.net.URLClassLoader$1.run(URLClassLoader.java:355) ~[na:1.7.0_60-ea]
	at java.security.AccessController.doPrivileged(Native Method) ~[na:1.7.0_60-ea]
	at java.net.URLClassLoader.findClass(URLClassLoader.java:354) ~[na:1.7.0_60-ea]
	at java.lang.ClassLoader.loadClass(ClassLoader.java:425) ~[na:1.7.0_60-ea]
	at sun.misc.Launcher$AppClassLoader.loadClass(Launcher.java:308) ~[na:1.7.0_60-ea]
	at java.lang.ClassLoader.loadClass(ClassLoader.java:358) ~[na:1.7.0_60-ea]
	at org.spark-project.jetty.servlet.ServletContextHandler.<init>(ServletContextHandler.java:136) ~[spark-core_2.10-1.5.1.jar:1.5.1]
	at org.spark-project.jetty.servlet.ServletContextHandler.<init>(ServletContextHandler.java:129) ~[spark-core_2.10-1.5.1.jar:1.5.1]
	at org.spark-project.jetty.servlet.ServletContextHandler.<init>(ServletContextHandler.java:98) ~[spark-core_2.10-1.5.1.jar:1.5.1]
	at org.apache.spark.ui.JettyUtils$.createServletHandler(JettyUtils.scala:110) ~[spark-core_2.10-1.5.1.jar:1.5.1]
	at org.apache.spark.ui.JettyUtils$.createServletHandler(JettyUtils.scala:101) ~[spark-core_2.10-1.5.1.jar:1.5.1]
	at org.apache.spark.ui.WebUI.attachPage(WebUI.scala:78) ~[spark-core_2.10-1.5.1.jar:1.5.1]
	at org.apache.spark.ui.WebUI$$anonfun$attachTab$1.apply(WebUI.scala:62) ~[spark-core_2.10-1.5.1.jar:1.5.1]
	at org.apache.spark.ui.WebUI$$anonfun$attachTab$1.apply(WebUI.scala:62) ~[spark-core_2.10-1.5.1.jar:1.5.1]
	at scala.collection.mutable.ResizableArray$class.foreach(ResizableArray.scala:59) ~[scala-library-2.10.4.jar:na]
	at scala.collection.mutable.ArrayBuffer.foreach(ArrayBuffer.scala:47) ~[scala-library-2.10.4.jar:na]
	at org.apache.spark.ui.WebUI.attachTab(WebUI.scala:62) ~[spark-core_2.10-1.5.1.jar:1.5.1]
	at org.apache.spark.ui.SparkUI.initialize(SparkUI.scala:61) ~[spark-core_2.10-1.5.1.jar:1.5.1]
	at org.apache.spark.ui.SparkUI.<init>(SparkUI.scala:74) ~[spark-core_2.10-1.5.1.jar:1.5.1]
	at org.apache.spark.ui.SparkUI$.create(SparkUI.scala:190) ~[spark-core_2.10-1.5.1.jar:1.5.1]
	at org.apache.spark.ui.SparkUI$.createLiveUI(SparkUI.scala:141) ~[spark-core_2.10-1.5.1.jar:1.5.1]
	at org.apache.spark.SparkContext.<init>(SparkContext.scala:466) ~[spark-core_2.10-1.5.1.jar:1.5.1]
	at org.apache.spark.api.java.JavaSparkContext.<init>(JavaSparkContext.scala:61) [spark-core_2.10-1.5.1.jar:1.5.1]
	at example.SparkTest.main(SparkTest.java:17) [classes/:na]
ERROR [2015-11-10 19:21:59,122] org.apache.spark.Logging$class:96 - Uncaught exception in thread main 
java.lang.NullPointerException: null
	at org.apache.spark.network.netty.NettyBlockTransferService.close(NettyBlockTransferService.scala:152) ~[spark-core_2.10-1.5.1.jar:1.5.1]
	at org.apache.spark.storage.BlockManager.stop(BlockManager.scala:1228) ~[spark-core_2.10-1.5.1.jar:1.5.1]
	at org.apache.spark.SparkEnv.stop(SparkEnv.scala:100) ~[spark-core_2.10-1.5.1.jar:1.5.1]
	at org.apache.spark.SparkContext$$anonfun$stop$12.apply$mcV$sp(SparkContext.scala:1749) ~[spark-core_2.10-1.5.1.jar:1.5.1]
	at org.apache.spark.util.Utils$.tryLogNonFatalError(Utils.scala:1185) ~[spark-core_2.10-1.5.1.jar:1.5.1]
	at org.apache.spark.SparkContext.stop(SparkContext.scala:1748) [spark-core_2.10-1.5.1.jar:1.5.1]
	at org.apache.spark.SparkContext.<init>(SparkContext.scala:593) [spark-core_2.10-1.5.1.jar:1.5.1]
	at org.apache.spark.api.java.JavaSparkContext.<init>(JavaSparkContext.scala:61) [spark-core_2.10-1.5.1.jar:1.5.1]
	at example.SparkTest.main(SparkTest.java:17) [classes/:na]
ERROR [2015-11-10 19:24:51,380] org.apache.spark.Logging$class:96 - Error initializing SparkContext. 
java.lang.SecurityException: class "javax.servlet.FilterRegistration"'s signer information does not match signer information of other classes in the same package
	at java.lang.ClassLoader.checkCerts(ClassLoader.java:952) ~[na:1.7.0_60-ea]
	at java.lang.ClassLoader.preDefineClass(ClassLoader.java:666) ~[na:1.7.0_60-ea]
	at java.lang.ClassLoader.defineClass(ClassLoader.java:794) ~[na:1.7.0_60-ea]
	at java.security.SecureClassLoader.defineClass(SecureClassLoader.java:142) ~[na:1.7.0_60-ea]
	at java.net.URLClassLoader.defineClass(URLClassLoader.java:449) ~[na:1.7.0_60-ea]
	at java.net.URLClassLoader.access$100(URLClassLoader.java:71) ~[na:1.7.0_60-ea]
	at java.net.URLClassLoader$1.run(URLClassLoader.java:361) ~[na:1.7.0_60-ea]
	at java.net.URLClassLoader$1.run(URLClassLoader.java:355) ~[na:1.7.0_60-ea]
	at java.security.AccessController.doPrivileged(Native Method) ~[na:1.7.0_60-ea]
	at java.net.URLClassLoader.findClass(URLClassLoader.java:354) ~[na:1.7.0_60-ea]
	at java.lang.ClassLoader.loadClass(ClassLoader.java:425) ~[na:1.7.0_60-ea]
	at sun.misc.Launcher$AppClassLoader.loadClass(Launcher.java:308) ~[na:1.7.0_60-ea]
	at java.lang.ClassLoader.loadClass(ClassLoader.java:358) ~[na:1.7.0_60-ea]
	at org.spark-project.jetty.servlet.ServletContextHandler.<init>(ServletContextHandler.java:136) ~[spark-core_2.10-1.5.1.jar:1.5.1]
	at org.spark-project.jetty.servlet.ServletContextHandler.<init>(ServletContextHandler.java:129) ~[spark-core_2.10-1.5.1.jar:1.5.1]
	at org.spark-project.jetty.servlet.ServletContextHandler.<init>(ServletContextHandler.java:98) ~[spark-core_2.10-1.5.1.jar:1.5.1]
	at org.apache.spark.ui.JettyUtils$.createServletHandler(JettyUtils.scala:110) ~[spark-core_2.10-1.5.1.jar:1.5.1]
	at org.apache.spark.ui.JettyUtils$.createServletHandler(JettyUtils.scala:101) ~[spark-core_2.10-1.5.1.jar:1.5.1]
	at org.apache.spark.ui.WebUI.attachPage(WebUI.scala:78) ~[spark-core_2.10-1.5.1.jar:1.5.1]
	at org.apache.spark.ui.WebUI$$anonfun$attachTab$1.apply(WebUI.scala:62) ~[spark-core_2.10-1.5.1.jar:1.5.1]
	at org.apache.spark.ui.WebUI$$anonfun$attachTab$1.apply(WebUI.scala:62) ~[spark-core_2.10-1.5.1.jar:1.5.1]
	at scala.collection.mutable.ResizableArray$class.foreach(ResizableArray.scala:59) ~[scala-library-2.10.4.jar:na]
	at scala.collection.mutable.ArrayBuffer.foreach(ArrayBuffer.scala:47) ~[scala-library-2.10.4.jar:na]
	at org.apache.spark.ui.WebUI.attachTab(WebUI.scala:62) ~[spark-core_2.10-1.5.1.jar:1.5.1]
	at org.apache.spark.ui.SparkUI.initialize(SparkUI.scala:61) ~[spark-core_2.10-1.5.1.jar:1.5.1]
	at org.apache.spark.ui.SparkUI.<init>(SparkUI.scala:74) ~[spark-core_2.10-1.5.1.jar:1.5.1]
	at org.apache.spark.ui.SparkUI$.create(SparkUI.scala:190) ~[spark-core_2.10-1.5.1.jar:1.5.1]
	at org.apache.spark.ui.SparkUI$.createLiveUI(SparkUI.scala:141) ~[spark-core_2.10-1.5.1.jar:1.5.1]
	at org.apache.spark.SparkContext.<init>(SparkContext.scala:466) ~[spark-core_2.10-1.5.1.jar:1.5.1]
	at org.apache.spark.api.java.JavaSparkContext.<init>(JavaSparkContext.scala:61) [spark-core_2.10-1.5.1.jar:1.5.1]
	at example.SparkTest.main(SparkTest.java:17) [classes/:na]
ERROR [2015-11-10 19:24:51,485] org.apache.spark.Logging$class:96 - Uncaught exception in thread main 
java.lang.NullPointerException: null
	at org.apache.spark.network.netty.NettyBlockTransferService.close(NettyBlockTransferService.scala:152) ~[spark-core_2.10-1.5.1.jar:1.5.1]
	at org.apache.spark.storage.BlockManager.stop(BlockManager.scala:1228) ~[spark-core_2.10-1.5.1.jar:1.5.1]
	at org.apache.spark.SparkEnv.stop(SparkEnv.scala:100) ~[spark-core_2.10-1.5.1.jar:1.5.1]
	at org.apache.spark.SparkContext$$anonfun$stop$12.apply$mcV$sp(SparkContext.scala:1749) ~[spark-core_2.10-1.5.1.jar:1.5.1]
	at org.apache.spark.util.Utils$.tryLogNonFatalError(Utils.scala:1185) ~[spark-core_2.10-1.5.1.jar:1.5.1]
	at org.apache.spark.SparkContext.stop(SparkContext.scala:1748) [spark-core_2.10-1.5.1.jar:1.5.1]
	at org.apache.spark.SparkContext.<init>(SparkContext.scala:593) [spark-core_2.10-1.5.1.jar:1.5.1]
	at org.apache.spark.api.java.JavaSparkContext.<init>(JavaSparkContext.scala:61) [spark-core_2.10-1.5.1.jar:1.5.1]
	at example.SparkTest.main(SparkTest.java:17) [classes/:na]
ERROR [2015-11-10 19:33:59,283] org.apache.spark.Logging$class:96 - Error initializing SparkContext. 
java.lang.SecurityException: class "javax.servlet.FilterRegistration"'s signer information does not match signer information of other classes in the same package
	at java.lang.ClassLoader.checkCerts(ClassLoader.java:952) ~[na:1.7.0_60-ea]
	at java.lang.ClassLoader.preDefineClass(ClassLoader.java:666) ~[na:1.7.0_60-ea]
	at java.lang.ClassLoader.defineClass(ClassLoader.java:794) ~[na:1.7.0_60-ea]
	at java.security.SecureClassLoader.defineClass(SecureClassLoader.java:142) ~[na:1.7.0_60-ea]
	at java.net.URLClassLoader.defineClass(URLClassLoader.java:449) ~[na:1.7.0_60-ea]
	at java.net.URLClassLoader.access$100(URLClassLoader.java:71) ~[na:1.7.0_60-ea]
	at java.net.URLClassLoader$1.run(URLClassLoader.java:361) ~[na:1.7.0_60-ea]
	at java.net.URLClassLoader$1.run(URLClassLoader.java:355) ~[na:1.7.0_60-ea]
	at java.security.AccessController.doPrivileged(Native Method) ~[na:1.7.0_60-ea]
	at java.net.URLClassLoader.findClass(URLClassLoader.java:354) ~[na:1.7.0_60-ea]
	at java.lang.ClassLoader.loadClass(ClassLoader.java:425) ~[na:1.7.0_60-ea]
	at sun.misc.Launcher$AppClassLoader.loadClass(Launcher.java:308) ~[na:1.7.0_60-ea]
	at java.lang.ClassLoader.loadClass(ClassLoader.java:358) ~[na:1.7.0_60-ea]
	at org.spark-project.jetty.servlet.ServletContextHandler.<init>(ServletContextHandler.java:136) ~[spark-core_2.10-1.5.1.jar:1.5.1]
	at org.spark-project.jetty.servlet.ServletContextHandler.<init>(ServletContextHandler.java:129) ~[spark-core_2.10-1.5.1.jar:1.5.1]
	at org.spark-project.jetty.servlet.ServletContextHandler.<init>(ServletContextHandler.java:98) ~[spark-core_2.10-1.5.1.jar:1.5.1]
	at org.apache.spark.ui.JettyUtils$.createServletHandler(JettyUtils.scala:110) ~[spark-core_2.10-1.5.1.jar:1.5.1]
	at org.apache.spark.ui.JettyUtils$.createServletHandler(JettyUtils.scala:101) ~[spark-core_2.10-1.5.1.jar:1.5.1]
	at org.apache.spark.ui.WebUI.attachPage(WebUI.scala:78) ~[spark-core_2.10-1.5.1.jar:1.5.1]
	at org.apache.spark.ui.WebUI$$anonfun$attachTab$1.apply(WebUI.scala:62) ~[spark-core_2.10-1.5.1.jar:1.5.1]
	at org.apache.spark.ui.WebUI$$anonfun$attachTab$1.apply(WebUI.scala:62) ~[spark-core_2.10-1.5.1.jar:1.5.1]
	at scala.collection.mutable.ResizableArray$class.foreach(ResizableArray.scala:59) ~[scala-library-2.10.4.jar:na]
	at scala.collection.mutable.ArrayBuffer.foreach(ArrayBuffer.scala:47) ~[scala-library-2.10.4.jar:na]
	at org.apache.spark.ui.WebUI.attachTab(WebUI.scala:62) ~[spark-core_2.10-1.5.1.jar:1.5.1]
	at org.apache.spark.ui.SparkUI.initialize(SparkUI.scala:61) ~[spark-core_2.10-1.5.1.jar:1.5.1]
	at org.apache.spark.ui.SparkUI.<init>(SparkUI.scala:74) ~[spark-core_2.10-1.5.1.jar:1.5.1]
	at org.apache.spark.ui.SparkUI$.create(SparkUI.scala:190) ~[spark-core_2.10-1.5.1.jar:1.5.1]
	at org.apache.spark.ui.SparkUI$.createLiveUI(SparkUI.scala:141) ~[spark-core_2.10-1.5.1.jar:1.5.1]
	at org.apache.spark.SparkContext.<init>(SparkContext.scala:466) ~[spark-core_2.10-1.5.1.jar:1.5.1]
	at org.apache.spark.api.java.JavaSparkContext.<init>(JavaSparkContext.scala:61) [spark-core_2.10-1.5.1.jar:1.5.1]
	at example.SparkTest.main(SparkTest.java:17) [classes/:na]
ERROR [2015-11-10 19:33:59,397] org.apache.spark.Logging$class:96 - Uncaught exception in thread main 
java.lang.NullPointerException: null
	at org.apache.spark.network.netty.NettyBlockTransferService.close(NettyBlockTransferService.scala:152) ~[spark-core_2.10-1.5.1.jar:1.5.1]
	at org.apache.spark.storage.BlockManager.stop(BlockManager.scala:1228) ~[spark-core_2.10-1.5.1.jar:1.5.1]
	at org.apache.spark.SparkEnv.stop(SparkEnv.scala:100) ~[spark-core_2.10-1.5.1.jar:1.5.1]
	at org.apache.spark.SparkContext$$anonfun$stop$12.apply$mcV$sp(SparkContext.scala:1749) ~[spark-core_2.10-1.5.1.jar:1.5.1]
	at org.apache.spark.util.Utils$.tryLogNonFatalError(Utils.scala:1185) ~[spark-core_2.10-1.5.1.jar:1.5.1]
	at org.apache.spark.SparkContext.stop(SparkContext.scala:1748) [spark-core_2.10-1.5.1.jar:1.5.1]
	at org.apache.spark.SparkContext.<init>(SparkContext.scala:593) [spark-core_2.10-1.5.1.jar:1.5.1]
	at org.apache.spark.api.java.JavaSparkContext.<init>(JavaSparkContext.scala:61) [spark-core_2.10-1.5.1.jar:1.5.1]
	at example.SparkTest.main(SparkTest.java:17) [classes/:na]
